<?xml version="1.0" encoding="UTF-8"?>
<testsuite xmlns:xsi="http://www.w3.org/2001/XMLSchema-instance" xsi:noNamespaceSchemaLocation="https://maven.apache.org/surefire/maven-surefire-plugin/xsd/surefire-test-report-3.0.xsd" version="3.0" name="com.dietiestates25.service.AuthServiceTest" time="0.073" tests="5" errors="0" skipped="0" failures="0">
  <properties>
[...]
</properties>
  <testcase name="login_UserNotFound_ThrowsException" classname="com.dietiestates25.service.AuthServiceTest" time="0.055"/>
  <testcase name="register_NewEmail_SavesUser" classname="com.dietiestates25.service.AuthServiceTest" time="0.003"/>
  <testcase name="login_ValidCredentials_ReturnsToken" classname="com.dietiestates25.service.AuthServiceTest" time="0.004"/>
  <testcase name="login_InvalidCredentials_ThrowsException" classname="com.dietiestates25.service.AuthServiceTest" time="0.005"/>
  <testcase name="register_ExistingEmail_ThrowsException" classname="com.dietiestates25.service.AuthServiceTest" time="0.002"/>
</testsuite>